2023-04-27 15:18:23.934  INFO 35376 --- [main] com.example.Application                  : Starting Application on LAPTOP-919JOEIH with PID 35376 (started by ASUS in G:\2023\小程序\sprV图书馆预约与占座小程序hsg6690程序\server)
2023-04-27 15:18:23.949  INFO 35376 --- [main] com.example.Application                  : No active profile set, falling back to default profiles: default
2023-04-27 15:18:25.526  WARN 35376 --- [main] o.m.s.mapper.ClassPathMapperScanner      : No MyBatis mapper was found in '[com.example]' package. Please check your configuration.
2023-04-27 15:18:26.652  INFO 35376 --- [main] o.s.b.w.embedded.tomcat.TomcatWebServer  : Tomcat initialized with port(s): 8888 (http)
2023-04-27 15:18:26.682  INFO 35376 --- [main] o.apache.catalina.core.StandardService   : Starting service [Tomcat]
2023-04-27 15:18:26.684  INFO 35376 --- [main] org.apache.catalina.core.StandardEngine  : Starting Servlet Engine: Apache Tomcat/9.0.12
2023-04-27 15:18:26.694  INFO 35376 --- [main] o.a.catalina.core.AprLifecycleListener   : The APR based Apache Tomcat Native library which allows optimal performance in production environments was not found on the java.library.path: [C:\Program Files\Java\jdk1.8.0_211\bin;C:\Windows\Sun\Java\bin;C:\Windows\system32;C:\Windows;C:\Program Files (x86)\Common Files\Oracle\Java\javapath;C:\Windows\system32;C:\Windows;C:\Windows\System32\Wbem;C:\Windows\System32\WindowsPowerShell\v1.0\;C:\Windows\System32\OpenSSH\;C:\Program Files (x86)\NVIDIA Corporation\PhysX\Common;C:\Program Files (x86)\Microsoft SQL Server\100\Tools\Binn\;C:\Program Files\Microsoft SQL Server\100\Tools\Binn\;C:\Program Files\Microsoft SQL Server\100\DTS\Binn\;C:\Program Files (x86)\Microsoft SQL Server\100\Tools\Binn\VSShell\Common7\IDE\;C:\Program Files (x86)\Microsoft SQL Server\100\DTS\Binn\;C:\Program Files (x86)\Microsoft SQL Server\90\Tools\binn\;"D:\winwxy\apache-tomcat-8.5.34-windows-x64\bin;D:\winwxy\apache-tomcat-8.5.34-windows-x64\lib";D:\node\;D:\Python36\Scripts\;D:\Python36\;C:\Users\ASUS\AppData\Local\Microsoft\WindowsApps;C:\Program Files\Bandizip\;D:\PyCharm Community Edition 2022.2\bin;;D:\QQGameTempest\Hall.57915\;C:\Users\ASUS\AppData\Roaming\npm;.]
2023-04-27 15:18:27.028  INFO 35376 --- [main] o.a.c.c.C.[Tomcat].[localhost].[/]       : Initializing Spring embedded WebApplicationContext
2023-04-27 15:18:27.028  INFO 35376 --- [main] o.s.web.context.ContextLoader            : Root WebApplicationContext: initialization completed in 2942 ms
2023-04-27 15:18:27.072  INFO 35376 --- [main] o.s.b.w.servlet.ServletRegistrationBean  : Servlet dispatcherServlet mapped to [/]
2023-04-27 15:18:27.079  INFO 35376 --- [main] o.s.b.w.servlet.FilterRegistrationBean   : Mapping filter: 'characterEncodingFilter' to: [/*]
2023-04-27 15:18:27.080  INFO 35376 --- [main] o.s.b.w.servlet.FilterRegistrationBean   : Mapping filter: 'hiddenHttpMethodFilter' to: [/*]
2023-04-27 15:18:27.080  INFO 35376 --- [main] o.s.b.w.servlet.FilterRegistrationBean   : Mapping filter: 'formContentFilter' to: [/*]
2023-04-27 15:18:27.081  INFO 35376 --- [main] o.s.b.w.servlet.FilterRegistrationBean   : Mapping filter: 'requestContextFilter' to: [/*]
2023-04-27 15:18:28.518  INFO 35376 --- [main] o.s.s.concurrent.ThreadPoolTaskExecutor  : Initializing ExecutorService 'applicationTaskExecutor'
2023-04-27 15:18:28.879  INFO 35376 --- [main] o.s.b.w.embedded.tomcat.TomcatWebServer  : Tomcat started on port(s): 8888 (http) with context path ''
2023-04-27 15:18:28.884  INFO 35376 --- [main] com.example.Application                  : Started Application in 5.908 seconds (JVM running for 8.624)
2023-04-27 15:18:54.373  INFO 35376 --- [http-nio-8888-exec-1] o.apache.tomcat.util.http.parser.Cookie  : A cookie header was received [1680433668,1680481267; Hm_lvt_770703bcad5be63b04c3c0745e7d7f69=1678757642,1678965820,1680419954,1680934063; Hm_lvt_1965670ecfe9acc3a4297f504973ff3e=1680654858,1682489319; Hm_lpvt_1965670ecfe9acc3a4297f504973ff3e=1682502858; PHPSESSID=ou1mdr93q7g7r62k1cmm5qekb4; JSESSIONID=39BFC4DC647511C2B70518FE988E92BA] that contained an invalid cookie. That cookie will be ignored.Note: further occurrences of this error will be logged at DEBUG level.
2023-04-27 15:18:54.386  INFO 35376 --- [http-nio-8888-exec-1] o.a.c.c.C.[Tomcat].[localhost].[/]       : Initializing Spring DispatcherServlet 'dispatcherServlet'
2023-04-27 15:18:54.386  INFO 35376 --- [http-nio-8888-exec-1] o.s.web.servlet.DispatcherServlet        : Initializing Servlet 'dispatcherServlet'
2023-04-27 15:18:54.401  INFO 35376 --- [http-nio-8888-exec-1] o.s.web.servlet.DispatcherServlet        : Completed initialization in 15 ms
2023-04-27 15:20:26.860  INFO 35376 --- [http-nio-8888-exec-2] com.zaxxer.hikari.HikariDataSource       : HikariPool-1 - Starting...
2023-04-27 15:20:26.990  INFO 35376 --- [http-nio-8888-exec-2] com.zaxxer.hikari.HikariDataSource       : HikariPool-1 - Start completed.
